TN:
SF:/mnt/storage/projects/riglr/lib.rs
FNF:0
DA:96,0
DA:103,0
DA:105,0
DA:110,0
DA:111,0
DA:112,0
DA:115,1
DA:116,1
DA:118,2
DA:119,1
DA:120,2
DA:123,1
DA:124,1
LF:13
LH:7
end_of_record
TN:
SF:/mnt/storage/projects/riglr/riglr-core/src/idempotency.rs
FN:38,InMemoryIdempotencyStore::new
FN:45,InMemoryIdempotencyStore::cleanup_expired
FN:53,<impl Default for InMemoryIdempotencyStore>::default
FN:60,<impl IdempotencyStore for InMemoryIdempotencyStore>::get
FN:77,<impl IdempotencyStore for InMemoryIdempotencyStore>::set
FN:90,<impl IdempotencyStore for InMemoryIdempotencyStore>::remove
FN:111,RedisIdempotencyStore::new
FN:119,RedisIdempotencyStore::make_key
FN:127,<impl IdempotencyStore for RedisIdempotencyStore>::get
FN:145,<impl IdempotencyStore for RedisIdempotencyStore>::set
FN:161,<impl IdempotencyStore for RedisIdempotencyStore>::remove
FNF:11
FNDA:0,InMemoryIdempotencyStore::new
FNDA:0,InMemoryIdempotencyStore::cleanup_expired
FNDA:0,<impl Default for InMemoryIdempotencyStore>::default
FNDA:0,<impl IdempotencyStore for InMemoryIdempotencyStore>::get
FNDA:0,<impl IdempotencyStore for InMemoryIdempotencyStore>::set
FNDA:0,<impl IdempotencyStore for InMemoryIdempotencyStore>::remove
FNDA:0,RedisIdempotencyStore::new
FNDA:0,RedisIdempotencyStore::make_key
FNDA:0,<impl IdempotencyStore for RedisIdempotencyStore>::get
FNDA:0,<impl IdempotencyStore for RedisIdempotencyStore>::set
FNDA:0,<impl IdempotencyStore for RedisIdempotencyStore>::remove
DA:38,0
DA:40,0
DA:45,0
DA:46,0
DA:47,0
DA:48,0
DA:53,0
DA:54,0
DA:60,0
DA:62,0
DA:64,0
DA:65,0
DA:66,0
DA:67,0
DA:68,0
DA:70,0
DA:73,0
DA:77,0
DA:78,0
DA:79,0
DA:80,0
DA:81,0
DA:82,0
DA:83,0
DA:87,0
DA:90,0
DA:91,0
DA:92,0
DA:93,0
DA:111,0
DA:112,0
DA:113,0
DA:114,0
DA:115,0
DA:119,0
DA:120,0
DA:127,0
DA:128,0
DA:129,0
DA:131,0
DA:132,0
DA:133,0
DA:134,0
DA:136,0
DA:137,0
DA:138,0
DA:139,0
DA:141,0
DA:145,0
DA:146,0
DA:147,0
DA:148,0
DA:149,0
DA:151,0
DA:152,0
DA:153,0
DA:154,0
DA:155,0
DA:156,0
DA:158,0
DA:161,0
DA:162,0
DA:163,0
DA:165,0
DA:166,0
DA:167,0
DA:168,0
DA:170,0
LF:68
LH:0
end_of_record
TN:
SF:/mnt/storage/projects/riglr/riglr-core/src/jobs.rs
FN:31,Job::new
FN:48,Job::new_idempotent
FN:59,Job::can_retry
FN:64,Job::increment_retry
FN:90,JobResult::success
FN:102,JobResult::success_with_tx
FN:109,JobResult::retriable_failure
FN:117,JobResult::permanent_failure
FN:125,JobResult::is_success
FN:130,JobResult::is_retriable
FNF:10
FNDA:0,Job::new
FNDA:0,Job::new_idempotent
FNDA:0,Job::can_retry
FNDA:0,Job::increment_retry
FNDA:0,JobResult::success
FNDA:0,JobResult::success_with_tx
FNDA:0,JobResult::retriable_failure
FNDA:0,JobResult::permanent_failure
FNDA:0,JobResult::is_success
FNDA:0,JobResult::is_retriable
DA:31,0
DA:32,0
DA:33,0
DA:34,0
DA:35,0
DA:36,0
DA:37,0
DA:48,0
DA:49,0
DA:50,0
DA:51,0
DA:52,0
DA:53,0
DA:54,0
DA:59,0
DA:60,0
DA:64,0
DA:65,0
DA:90,0
DA:91,0
DA:92,0
DA:93,0
DA:102,0
DA:103,0
DA:104,0
DA:109,0
DA:111,0
DA:117,0
DA:119,0
DA:125,0
DA:126,0
DA:130,0
DA:131,0
DA:132,0
LF:34
LH:0
end_of_record
TN:
SF:/mnt/storage/projects/riglr/riglr-core/src/queue.rs
FN:24,JobQueue::is_empty
FNF:1
FNDA:0,JobQueue::is_empty
DA:24,0
DA:25,0
DA:54,0
DA:63,0
DA:68,0
DA:75,0
DA:82,0
DA:92,0
DA:132,0
DA:138,0
DA:143,0
DA:150,0
DA:162,0
DA:169,0
DA:181,0
DA:185,0
LF:16
LH:0
end_of_record
TN:
SF:/mnt/storage/projects/riglr/riglr-core/src/tool.rs
FNF:0
DA:85,0
DA:86,0
DA:87,0
DA:88,0
DA:127,0
DA:129,0
DA:130,0
DA:131,0
DA:134,0
DA:139,0
DA:140,0
DA:141,0
DA:145,0
DA:146,0
DA:147,0
DA:151,0
DA:152,0
DA:153,0
DA:157,0
DA:158,0
DA:167,0
DA:168,0
DA:169,0
DA:170,0
DA:171,0
DA:172,0
DA:173,0
DA:175,0
DA:182,0
DA:184,0
DA:185,0
DA:186,0
DA:187,0
DA:192,0
DA:193,0
DA:194,0
DA:195,0
DA:198,0
DA:199,0
DA:202,0
DA:203,0
DA:204,0
DA:205,0
DA:206,0
DA:207,0
DA:208,0
DA:213,0
DA:214,0
DA:216,0
DA:218,0
DA:219,0
DA:221,0
DA:222,0
DA:223,0
DA:224,0
DA:225,0
DA:226,0
DA:231,0
DA:232,0
DA:233,0
DA:234,0
DA:236,0
DA:237,0
DA:238,0
DA:240,0
DA:241,0
DA:242,0
DA:247,0
DA:248,0
DA:249,0
DA:250,0
DA:251,0
DA:254,0
DA:255,0
DA:256,0
DA:257,0
DA:263,0
DA:264,0
DA:265,0
DA:266,0
DA:267,0
DA:268,0
DA:278,0
DA:279,0
DA:280,0
DA:281,0
DA:282,0
DA:285,0
DA:286,0
DA:287,0
DA:292,0
DA:300,0
DA:301,0
DA:302,0
DA:305,0
DA:306,0
DA:307,0
DA:308,0
DA:309,0
DA:311,0
DA:312,0
DA:313,0
DA:316,0
DA:317,0
DA:318,0
DA:319,0
DA:320,0
DA:321,0
DA:323,0
DA:324,0
DA:325,0
DA:329,0
DA:330,0
DA:335,0
DA:337,0
DA:339,0
DA:340,0
DA:341,0
DA:350,0
DA:352,0
DA:353,0
DA:354,0
DA:355,0
DA:356,0
DA:357,0
LF:125
LH:0
end_of_record
TN:
SF:/mnt/storage/projects/riglr/riglr-evm-tools/src/transaction.rs
FNF:0
DA:39,0
DA:40,0
DA:41,0
DA:42,0
DA:44,0
DA:46,0
DA:47,0
DA:50,0
DA:51,0
LF:9
LH:0
end_of_record
TN:
SF:/mnt/storage/projects/riglr/riglr-graph-memory/src/client.rs
FN:76,Neo4jClient::new
FNF:1
FNDA:0,Neo4jClient::new
DA:76,0
DA:77,0
DA:79,0
DA:80,0
DA:83,0
DA:84,0
DA:85,0
DA:86,0
DA:92,0
DA:97,0
DA:99,0
DA:100,0
DA:101,0
DA:103,0
LF:14
LH:0
end_of_record
TN:
SF:/mnt/storage/projects/riglr/riglr-graph-memory/src/document.rs
FN:186,RawTextDocument::new
FN:198,RawTextDocument::with_metadata
FN:210,RawTextDocument::with_source
FN:227,RawTextDocument::from_transaction
FNF:4
FNDA:0,RawTextDocument::new
FNDA:0,RawTextDocument::with_metadata
FNDA:0,RawTextDocument::with_source
FNDA:0,RawTextDocument::from_transaction
DA:186,0
DA:188,0
DA:189,0
DA:192,0
DA:198,0
DA:200,0
DA:201,0
DA:202,0
DA:204,0
DA:210,0
DA:212,0
DA:213,0
DA:216,0
DA:227,0
DA:228,0
DA:231,0
DA:232,0
DA:235,0
DA:236,0
DA:237,0
DA:240,0
DA:241,0
DA:242,0
DA:244,0
DA:272,0
DA:273,0
DA:277,0
DA:278,0
DA:281,0
DA:282,0
DA:286,0
DA:287,0
LF:32
LH:0
end_of_record
TN:
SF:/mnt/storage/projects/riglr/riglr-graph-memory/src/extractor.rs
FNF:0
DA:525,0
DA:526,0
DA:527,0
DA:530,0
LF:4
LH:0
end_of_record
TN:
SF:/mnt/storage/projects/riglr/riglr-graph-memory/src/graph.rs
FNF:0
DA:131,0
DA:132,0
DA:133,0
DA:134,0
LF:4
LH:0
end_of_record
TN:
SF:/mnt/storage/projects/riglr/riglr-solana-tools/src/balance.rs
FN:20,init_balance_client
FN:29,get_balance_client
FN:42,get_sol_balance
FN:93,get_spl_token_balance
FN:140,get_multiple_balances
FNF:5
FNDA:0,init_balance_client
FNDA:0,get_balance_client
FNDA:0,get_sol_balance
FNDA:0,get_spl_token_balance
FNDA:0,get_multiple_balances
DA:20,0
DA:22,0
DA:23,0
DA:29,0
DA:31,0
DA:32,0
DA:34,0
DA:42,0
DA:48,0
DA:51,0
DA:52,0
DA:54,0
DA:58,0
DA:60,0
DA:61,0
DA:62,0
DA:63,0
DA:66,0
DA:70,0
DA:71,0
DA:72,0
DA:73,0
DA:75,0
DA:77,0
DA:82,0
DA:83,0
DA:86,0
DA:93,0
DA:101,0
DA:107,0
DA:108,0
DA:110,0
DA:114,0
DA:115,0
DA:116,0
DA:117,0
DA:120,0
DA:121,0
DA:123,0
DA:128,0
DA:129,0
DA:130,0
DA:134,0
DA:140,0
DA:145,0
DA:148,0
DA:149,0
DA:151,0
DA:154,0
DA:158,0
DA:159,0
DA:160,0
DA:161,0
DA:162,0
DA:163,0
DA:166,0
DA:169,0
DA:171,0
DA:172,0
DA:175,0
DA:181,0
LF:61
LH:0
end_of_record
TN:
SF:/mnt/storage/projects/riglr/riglr-solana-tools/src/client.rs
FN:32,<impl Default for SolanaConfig>::default
FN:55,SolanaClient::new
FN:75,SolanaClient::mainnet
FN:80,SolanaClient::devnet
FN:88,SolanaClient::testnet
FN:96,SolanaClient::with_rpc_url
FN:104,SolanaClient::with_commitment
FN:116,SolanaClient::get_balance
FN:131,SolanaClient::get_token_balance
FN:170,SolanaClient::get_latest_blockhash
FN:180,SolanaClient::get_transaction
FN:202,SolanaClient::send_transaction
FN:219,SolanaClient::call_rpc
FN:255,SolanaClient::is_connected
FN:260,SolanaClient::get_cluster_info
FN:281,<impl Default for SolanaClient>::default
FNF:16
FNDA:1,<impl Default for SolanaConfig>::default
FNDA:1,SolanaClient::new
FNDA:1,SolanaClient::mainnet
FNDA:1,SolanaClient::devnet
FNDA:1,SolanaClient::testnet
FNDA:0,SolanaClient::with_rpc_url
FNDA:0,SolanaClient::with_commitment
FNDA:0,SolanaClient::get_balance
FNDA:0,SolanaClient::get_token_balance
FNDA:0,SolanaClient::get_latest_blockhash
FNDA:0,SolanaClient::get_transaction
FNDA:0,SolanaClient::send_transaction
FNDA:0,SolanaClient::call_rpc
FNDA:0,SolanaClient::is_connected
FNDA:0,SolanaClient::get_cluster_info
FNDA:0,<impl Default for SolanaClient>::default
DA:32,1
DA:34,1
DA:36,1
DA:55,1
DA:57,1
DA:58,1
DA:65,1
DA:66,1
DA:75,1
DA:76,1
DA:80,1
DA:81,1
DA:82,1
DA:83,1
DA:88,1
DA:89,1
DA:90,1
DA:91,1
DA:96,0
DA:97,0
DA:98,0
DA:99,0
DA:104,0
DA:105,0
DA:107,0
DA:108,0
DA:109,0
DA:112,0
DA:116,0
DA:117,0
DA:118,0
DA:120,0
DA:122,0
DA:124,0
DA:125,0
DA:127,0
DA:128,0
DA:131,0
DA:132,0
DA:133,0
DA:136,0
DA:137,0
DA:139,0
DA:145,0
DA:149,0
DA:151,0
DA:153,0
DA:154,0
DA:158,0
DA:163,0
DA:165,0
DA:166,0
DA:170,0
DA:171,0
DA:174,0
DA:176,0
DA:180,0
DA:181,0
DA:182,0
DA:184,0
DA:186,0
DA:192,0
DA:195,0
DA:198,0
DA:202,0
DA:203,0
DA:205,0
DA:207,0
DA:208,0
DA:209,0
DA:210,0
DA:213,0
DA:214,0
DA:215,0
DA:219,0
DA:224,0
DA:226,0
DA:233,0
DA:235,0
DA:236,0
DA:238,0
DA:239,0
DA:241,0
DA:243,0
DA:244,0
DA:246,0
DA:247,0
DA:248,0
DA:251,0
DA:255,0
DA:256,0
DA:260,0
DA:261,0
DA:264,0
DA:266,0
DA:269,0
DA:271,0
DA:275,0
DA:281,0
DA:282,0
LF:100
LH:18
end_of_record
TN:
SF:/mnt/storage/projects/riglr/riglr-solana-tools/src/network.rs
FN:7,get_block_height
FN:14,get_transaction_status
FNF:2
FNDA:0,get_block_height
FNDA:0,get_transaction_status
DA:7,0
DA:9,0
DA:14,0
DA:16,0
LF:4
LH:0
end_of_record
TN:
SF:/mnt/storage/projects/riglr/riglr-solana-tools/src/swap.rs
FN:34,<impl Default for JupiterConfig>::default
FN:48,get_jupiter_quote
FN:139,perform_jupiter_swap
FN:274,get_token_price
FN:309,calculate_price_impact
FNF:5
FNDA:1,<impl Default for JupiterConfig>::default
FNDA:0,get_jupiter_quote
FNDA:0,perform_jupiter_swap
FNDA:0,get_token_price
FNDA:0,calculate_price_impact
DA:34,1
DA:36,1
DA:48,0
DA:59,0
DA:65,0
DA:67,0
DA:70,0
DA:73,0
DA:74,0
DA:75,0
DA:76,0
DA:77,0
DA:78,0
DA:81,0
DA:82,0
DA:85,0
DA:87,0
DA:90,0
DA:91,0
DA:92,0
DA:94,0
DA:95,0
DA:97,0
DA:98,0
DA:100,0
DA:101,0
DA:102,0
DA:105,0
DA:107,0
DA:108,0
DA:111,0
DA:113,0
DA:122,0
DA:123,0
DA:124,0
DA:125,0
DA:126,0
DA:127,0
DA:128,0
DA:129,0
DA:130,0
DA:131,0
DA:139,0
DA:156,0
DA:162,0
DA:165,0
DA:166,0
DA:167,0
DA:168,0
DA:170,0
DA:172,0
DA:175,0
DA:179,0
DA:180,0
DA:181,0
DA:184,0
DA:186,0
DA:189,0
DA:190,0
DA:194,0
DA:195,0
DA:196,0
DA:203,0
DA:206,0
DA:209,0
DA:210,0
DA:211,0
DA:212,0
DA:214,0
DA:215,0
DA:217,0
DA:218,0
DA:220,0
DA:221,0
DA:222,0
DA:225,0
DA:227,0
DA:228,0
DA:231,0
DA:232,0
DA:234,0
DA:235,0
DA:238,0
DA:239,0
DA:242,0
DA:243,0
DA:245,0
DA:249,0
DA:250,0
DA:251,0
DA:252,0
DA:254,0
DA:259,0
DA:260,0
DA:261,0
DA:262,0
DA:263,0
DA:264,0
DA:265,0
DA:266,0
DA:267,0
DA:274,0
DA:281,0
DA:283,0
DA:286,0
DA:288,0
DA:289,0
DA:293,0
DA:295,0
DA:298,0
DA:300,0
DA:301,0
DA:302,0
DA:304,0
DA:309,0
DA:312,0
DA:313,0
DA:315,0
DA:324,0
DA:325,0
LF:120
LH:2
end_of_record
TN:
SF:/mnt/storage/projects/riglr/riglr-solana-tools/src/transaction.rs
FN:46,SignerContext::new
FN:54,SignerContext::add_signer
FN:70,SignerContext::get_signer
FN:83,SignerContext::get_default_signer
FN:92,SignerContext::get_pubkey
FN:98,<impl Default for SignerContext>::default
FN:107,init_signer_context
FN:116,get_signer_context
FN:131,transfer_sol
FN:248,transfer_spl_token
FN:373,create_spl_token_mint
FNF:11
FNDA:1,SignerContext::new
FNDA:1,SignerContext::add_signer
FNDA:1,SignerContext::get_signer
FNDA:1,SignerContext::get_default_signer
FNDA:0,SignerContext::get_pubkey
FNDA:0,<impl Default for SignerContext>::default
FNDA:0,init_signer_context
FNDA:0,get_signer_context
FNDA:0,transfer_sol
FNDA:0,transfer_spl_token
FNDA:0,create_spl_token_mint
DA:46,1
DA:48,1
DA:54,1
DA:55,2
DA:56,2
DA:57,0
DA:59,1
DA:61,3
DA:62,1
DA:65,2
DA:66,1
DA:70,1
DA:71,2
DA:74,1
DA:76,2
DA:77,1
DA:79,1
DA:83,1
DA:84,1
DA:87,1
DA:88,1
DA:92,0
DA:93,0
DA:98,0
DA:99,0
DA:107,0
DA:109,0
DA:110,0
DA:116,0
DA:118,0
DA:119,0
DA:120,0
DA:131,0
DA:145,0
DA:151,0
DA:152,0
DA:155,0
DA:159,0
DA:162,0
DA:163,0
DA:164,0
DA:165,0
DA:167,0
DA:169,0
DA:173,0
DA:176,0
DA:177,0
DA:179,0
DA:183,0
DA:185,0
DA:186,0
DA:189,0
DA:190,0
DA:191,0
DA:192,0
DA:196,0
DA:197,0
DA:199,0
DA:204,0
DA:206,0
DA:207,0
DA:208,0
DA:210,0
DA:214,0
DA:217,0
DA:218,0
DA:221,0
DA:222,0
DA:223,0
DA:224,0
DA:226,0
DA:234,0
DA:235,0
DA:236,0
DA:237,0
DA:238,0
DA:239,0
DA:240,0
DA:241,0
DA:242,0
DA:248,0
DA:262,0
DA:268,0
DA:271,0
DA:275,0
DA:278,0
DA:279,0
DA:280,0
DA:281,0
DA:283,0
DA:285,0
DA:289,0
DA:290,0
DA:293,0
DA:294,0
DA:296,0
DA:300,0
DA:302,0
DA:303,0
DA:305,0
DA:308,0
DA:311,0
DA:312,0
DA:313,0
DA:314,0
DA:315,0
DA:316,0
DA:322,0
DA:323,0
DA:324,0
DA:325,0
DA:326,0
DA:327,0
DA:329,0
DA:331,0
DA:335,0
DA:338,0
DA:339,0
DA:342,0
DA:343,0
DA:344,0
DA:345,0
DA:347,0
DA:349,0
DA:357,0
DA:358,0
DA:359,0
DA:360,0
DA:361,0
DA:362,0
DA:364,0
DA:365,0
DA:366,0
DA:367,0
DA:373,0
DA:384,0
DA:387,0
DA:390,0
DA:391,0
DA:392,0
DA:393,0
DA:395,0
DA:397,0
DA:401,0
DA:402,0
DA:405,0
DA:406,0
DA:408,0
DA:412,0
DA:414,0
DA:415,0
DA:418,0
DA:420,0
DA:421,0
DA:423,0
DA:426,0
DA:427,0
DA:428,0
DA:429,0
DA:431,0
DA:435,0
DA:436,0
DA:438,0
DA:441,0
DA:442,0
DA:443,0
DA:444,0
DA:445,0
DA:446,0
DA:449,0
DA:453,0
DA:454,0
DA:457,0
DA:458,0
DA:459,0
DA:460,0
DA:461,0
DA:462,0
DA:467,0
DA:468,0
DA:469,0
DA:470,0
DA:472,0
DA:474,0
DA:476,0
DA:481,0
DA:484,0
DA:485,0
DA:486,0
DA:487,0
DA:491,0
DA:492,0
DA:493,0
DA:494,0
DA:496,0
DA:501,0
DA:502,0
DA:503,0
DA:504,0
DA:505,0
DA:506,0
DA:507,0
LF:202
LH:20
end_of_record
TN:
SF:/mnt/storage/projects/riglr/riglr-web-tools/src/client.rs
FNF:0
DA:29,0
DA:30,0
DA:31,0
DA:35,0
DA:36,0
DA:40,0
DA:41,0
DA:45,0
DA:46,0
DA:50,0
DA:51,0
DA:52,0
LF:12
LH:0
end_of_record
