TN:
SF:/mnt/storage/projects/riglr/riglr-core/src/idempotency.rs
FN:38,InMemoryIdempotencyStore::new
FN:45,InMemoryIdempotencyStore::cleanup_expired
FN:53,<impl Default for InMemoryIdempotencyStore>::default
FN:60,<impl IdempotencyStore for InMemoryIdempotencyStore>::get
FN:77,<impl IdempotencyStore for InMemoryIdempotencyStore>::set
FN:90,<impl IdempotencyStore for InMemoryIdempotencyStore>::remove
FN:111,RedisIdempotencyStore::new
FN:119,RedisIdempotencyStore::make_key
FN:127,<impl IdempotencyStore for RedisIdempotencyStore>::get
FN:145,<impl IdempotencyStore for RedisIdempotencyStore>::set
FN:161,<impl IdempotencyStore for RedisIdempotencyStore>::remove
FNF:11
FNDA:3,InMemoryIdempotencyStore::new
FNDA:16,InMemoryIdempotencyStore::cleanup_expired
FNDA:1,<impl Default for InMemoryIdempotencyStore>::default
FNDA:12,<impl IdempotencyStore for InMemoryIdempotencyStore>::get
FNDA:16,<impl IdempotencyStore for InMemoryIdempotencyStore>::set
FNDA:8,<impl IdempotencyStore for InMemoryIdempotencyStore>::remove
FNDA:1,RedisIdempotencyStore::new
FNDA:0,RedisIdempotencyStore::make_key
FNDA:4,<impl IdempotencyStore for RedisIdempotencyStore>::get
FNDA:6,<impl IdempotencyStore for RedisIdempotencyStore>::set
FNDA:4,<impl IdempotencyStore for RedisIdempotencyStore>::remove
DA:38,3
DA:40,3
DA:45,16
DA:46,15
DA:47,8
DA:48,31
DA:53,1
DA:54,1
DA:60,12
DA:62,6
DA:64,3
DA:65,19
DA:66,7
DA:67,25
DA:68,9
DA:70,0
DA:73,4
DA:77,16
DA:78,10
DA:79,13
DA:80,14
DA:81,14
DA:82,8
DA:83,7
DA:87,8
DA:90,8
DA:91,4
DA:92,4
DA:93,2
DA:111,1
DA:112,2
DA:113,2
DA:114,2
DA:115,5
DA:119,0
DA:120,0
DA:127,4
DA:128,4
DA:129,0
DA:131,0
DA:132,0
DA:133,0
DA:134,0
DA:136,0
DA:137,0
DA:138,0
DA:139,0
DA:141,0
DA:145,6
DA:146,6
DA:147,0
DA:148,0
DA:149,0
DA:151,0
DA:152,0
DA:153,0
DA:154,0
DA:155,0
DA:156,0
DA:158,0
DA:161,4
DA:162,4
DA:163,0
DA:165,0
DA:166,0
DA:167,0
DA:168,0
DA:170,0
LF:68
LH:39
end_of_record
TN:
SF:/mnt/storage/projects/riglr/riglr-core/src/jobs.rs
FN:26,Job::new
FN:42,Job::new_idempotent
FN:59,Job::can_retry
FN:64,Job::increment_retry
FN:90,JobResult::success
FN:98,JobResult::success_with_tx
FN:109,JobResult::retriable_failure
FN:117,JobResult::permanent_failure
FN:125,JobResult::is_success
FN:130,JobResult::is_retriable
FNF:10
FNDA:6,Job::new
FNDA:7,Job::new_idempotent
FNDA:3,Job::can_retry
FNDA:6,Job::increment_retry
FNDA:19,JobResult::success
FNDA:7,JobResult::success_with_tx
FNDA:4,JobResult::retriable_failure
FNDA:2,JobResult::permanent_failure
FNDA:7,JobResult::is_success
FNDA:3,JobResult::is_retriable
DA:26,6
DA:31,19
DA:32,9
DA:33,9
DA:34,24
DA:35,13
DA:36,0
DA:37,0
DA:42,7
DA:48,12
DA:49,7
DA:50,7
DA:51,15
DA:52,13
DA:53,0
DA:54,0
DA:59,3
DA:60,3
DA:64,6
DA:65,3
DA:90,19
DA:91,19
DA:92,19
DA:93,20
DA:98,7
DA:102,13
DA:103,14
DA:104,12
DA:109,4
DA:111,4
DA:117,2
DA:119,2
DA:125,7
DA:126,6
DA:130,3
DA:131,3
DA:132,3
LF:37
LH:33
end_of_record
TN:
SF:/mnt/storage/projects/riglr/riglr-core/src/queue.rs
FN:24,JobQueue::is_empty
FN:37,InMemoryJobQueue::new
FN:46,<impl Default for InMemoryJobQueue>::default
FN:53,<impl JobQueue for InMemoryJobQueue>::enqueue
FN:60,<impl JobQueue for InMemoryJobQueue>::dequeue
FN:72,<impl JobQueue for InMemoryJobQueue>::dequeue_with_timeout
FN:91,<impl JobQueue for InMemoryJobQueue>::len
FN:112,RedisJobQueue::new
FN:122,RedisJobQueue::with_timeout
FN:131,<impl JobQueue for RedisJobQueue>::enqueue
FN:142,<impl JobQueue for RedisJobQueue>::dequeue
FN:161,<impl JobQueue for RedisJobQueue>::dequeue_with_timeout
FN:180,<impl JobQueue for RedisJobQueue>::len
FNF:13
FNDA:15,JobQueue::is_empty
FNDA:3,InMemoryJobQueue::new
FNDA:1,<impl Default for InMemoryJobQueue>::default
FNDA:18,<impl JobQueue for InMemoryJobQueue>::enqueue
FNDA:6,<impl JobQueue for InMemoryJobQueue>::dequeue
FNDA:12,<impl JobQueue for InMemoryJobQueue>::dequeue_with_timeout
FNDA:12,<impl JobQueue for InMemoryJobQueue>::len
FNDA:1,RedisJobQueue::new
FNDA:2,RedisJobQueue::with_timeout
FNDA:7,<impl JobQueue for RedisJobQueue>::enqueue
FNDA:4,<impl JobQueue for RedisJobQueue>::dequeue
FNDA:4,<impl JobQueue for RedisJobQueue>::dequeue_with_timeout
FNDA:0,<impl JobQueue for RedisJobQueue>::len
DA:24,15
DA:25,8
DA:37,3
DA:39,3
DA:40,4
DA:46,1
DA:47,1
DA:53,18
DA:54,10
DA:55,13
DA:56,8
DA:57,10
DA:60,6
DA:61,2
DA:63,6
DA:64,4
DA:65,2
DA:68,6
DA:72,12
DA:75,7
DA:76,11
DA:77,5
DA:82,8
DA:91,12
DA:92,6
DA:93,8
DA:112,1
DA:113,5
DA:114,4
DA:115,1
DA:116,5
DA:122,2
DA:123,2
DA:124,2
DA:131,7
DA:132,6
DA:133,0
DA:134,0
DA:135,0
DA:136,0
DA:137,0
DA:138,0
DA:139,0
DA:142,4
DA:143,4
DA:146,0
DA:147,0
DA:148,0
DA:149,0
DA:150,0
DA:152,0
DA:153,0
DA:154,0
DA:155,0
DA:157,0
DA:161,4
DA:162,4
DA:163,0
DA:165,0
DA:166,0
DA:167,0
DA:168,0
DA:169,0
DA:171,0
DA:172,0
DA:173,0
DA:174,0
DA:176,0
DA:180,0
DA:181,0
DA:182,0
DA:183,0
DA:184,0
DA:185,0
DA:186,0
LF:75
LH:40
end_of_record
TN:
SF:/mnt/storage/projects/riglr/riglr-core/src/tool.rs
FN:56,<impl Default for ExecutionConfig>::default
FN:78,ResourceLimits::new
FN:85,ResourceLimits::with_limit
FN:92,ResourceLimits::get_semaphore
FN:98,<impl Default for ResourceLimits>::default
FN:127,ToolWorker<I>::new
FN:139,ToolWorker<I>::with_idempotency_store
FN:145,ToolWorker<I>::with_resource_limits
FN:151,ToolWorker<I>::register_tool
FN:157,ToolWorker<I>::metrics
FN:162,ToolWorker<I>::process_job
FN:273,ToolWorker<I>::acquire_semaphore
FN:296,ToolWorker<I>::run
FN:350,<impl Clone for ToolWorker<I>>::clone
FNF:14
FNDA:2,<impl Default for ExecutionConfig>::default
FNDA:2,ResourceLimits::new
FNDA:2,ResourceLimits::with_limit
FNDA:2,ResourceLimits::get_semaphore
FNDA:5,<impl Default for ResourceLimits>::default
FNDA:5,ToolWorker<I>::new
FNDA:6,ToolWorker<I>::with_idempotency_store
FNDA:2,ToolWorker<I>::with_resource_limits
FNDA:37,ToolWorker<I>::register_tool
FNDA:3,ToolWorker<I>::metrics
FNDA:9,ToolWorker<I>::process_job
FNDA:9,ToolWorker<I>::acquire_semaphore
FNDA:4,ToolWorker<I>::run
FNDA:2,<impl Clone for ToolWorker<I>>::clone
DA:56,2
DA:59,2
DA:61,3
DA:62,4
DA:63,3
DA:78,2
DA:80,2
DA:85,2
DA:86,5
DA:87,4
DA:88,2
DA:92,2
DA:93,2
DA:98,5
DA:99,7
DA:127,5
DA:129,5
DA:130,14
DA:131,18
DA:134,22
DA:139,6
DA:140,11
DA:141,4
DA:145,2
DA:146,4
DA:147,2
DA:151,37
DA:152,23
DA:153,28
DA:157,3
DA:158,3
DA:162,9
DA:167,13
DA:168,5
DA:169,8
DA:170,7
DA:171,4
DA:172,0
DA:173,0
DA:175,2
DA:182,19
DA:184,31
DA:185,51
DA:186,15
DA:187,24
DA:189,14
DA:192,35
DA:193,14
DA:194,17
DA:195,14
DA:198,14
DA:199,18
DA:202,16
DA:203,33
DA:204,22
DA:205,0
DA:206,0
DA:207,0
DA:208,0
DA:213,19
DA:214,34
DA:216,53
DA:218,24
DA:219,11
DA:221,12
DA:222,5
DA:223,4
DA:224,12
DA:225,4
DA:226,16
DA:231,21
DA:232,0
DA:233,11
DA:234,11
DA:236,3
DA:237,8
DA:238,3
DA:240,0
DA:241,4
DA:242,2
DA:247,5
DA:248,5
DA:249,5
DA:250,0
DA:251,3
DA:254,7
DA:255,3
DA:256,7
DA:257,15
DA:263,4
DA:264,0
DA:265,2
DA:266,2
DA:267,2
DA:268,0
DA:273,9
DA:278,0
DA:279,26
DA:280,28
DA:281,28
DA:282,13
DA:285,5
DA:286,5
DA:287,5
DA:292,28
DA:296,4
DA:300,4
DA:301,0
DA:302,0
DA:305,3
DA:306,25
DA:307,3
DA:308,3
DA:309,6
DA:311,3
DA:312,0
DA:313,3
DA:316,3
DA:317,9
DA:318,6
DA:319,2
DA:320,10
DA:321,4
DA:323,4
DA:324,0
DA:325,0
DA:329,1
DA:330,2
DA:335,0
DA:337,3
DA:339,2
DA:340,4
DA:341,9
DA:350,2
DA:352,2
DA:353,5
DA:354,5
DA:355,2
DA:356,3
DA:357,2
LF:140
LH:122
end_of_record
TN:
SF:/mnt/storage/projects/riglr/riglr-core/tests/tool_tests.rs
FN:21,<impl Tool for SuccessTool>::execute
FN:28,<impl Tool for SuccessTool>::name
FN:41,<impl Tool for FailureTool>::execute
FN:50,<impl Tool for FailureTool>::name
FN:61,<impl Tool for TimeoutTool>::execute
FN:66,<impl Tool for TimeoutTool>::name
FNF:6
FNDA:26,<impl Tool for SuccessTool>::execute
FNDA:5,<impl Tool for SuccessTool>::name
FNDA:12,<impl Tool for FailureTool>::execute
FNDA:3,<impl Tool for FailureTool>::name
FNDA:4,<impl Tool for TimeoutTool>::execute
FNDA:1,<impl Tool for TimeoutTool>::name
DA:21,26
DA:22,9
DA:23,5
DA:25,9
DA:28,5
DA:29,3
DA:41,12
DA:42,6
DA:43,6
DA:44,6
DA:46,2
DA:50,3
DA:51,4
DA:61,4
DA:62,4
DA:63,0
DA:66,1
DA:67,1
LF:18
LH:17
end_of_record
TN:
SF:/mnt/storage/projects/riglr/riglr-evm-tools/src/transaction.rs
FNF:0
DA:39,0
DA:40,0
DA:41,0
DA:42,0
DA:44,0
DA:46,0
DA:47,0
DA:50,0
DA:51,0
LF:9
LH:0
end_of_record
TN:
SF:/mnt/storage/projects/riglr/riglr-graph-memory/src/client.rs
FN:76,Neo4jClient::new
FNF:1
FNDA:0,Neo4jClient::new
DA:76,0
DA:77,0
DA:79,0
DA:80,0
DA:83,0
DA:84,0
DA:85,0
DA:86,0
DA:92,0
DA:97,0
DA:99,0
DA:100,0
DA:101,0
DA:103,0
LF:14
LH:0
end_of_record
TN:
SF:/mnt/storage/projects/riglr/riglr-graph-memory/src/document.rs
FN:186,RawTextDocument::new
FN:198,RawTextDocument::with_metadata
FN:210,RawTextDocument::with_source
FN:227,RawTextDocument::from_transaction
FNF:4
FNDA:0,RawTextDocument::new
FNDA:0,RawTextDocument::with_metadata
FNDA:0,RawTextDocument::with_source
FNDA:0,RawTextDocument::from_transaction
DA:186,0
DA:188,0
DA:189,0
DA:192,0
DA:198,0
DA:200,0
DA:201,0
DA:202,0
DA:204,0
DA:210,0
DA:212,0
DA:213,0
DA:216,0
DA:227,0
DA:228,0
DA:231,0
DA:232,0
DA:235,0
DA:236,0
DA:237,0
DA:240,0
DA:241,0
DA:242,0
DA:244,0
DA:272,0
DA:273,0
DA:277,0
DA:278,0
DA:281,0
DA:282,0
DA:286,0
DA:287,0
LF:32
LH:0
end_of_record
TN:
SF:/mnt/storage/projects/riglr/riglr-graph-memory/src/extractor.rs
FNF:0
DA:525,0
DA:526,0
DA:527,0
DA:530,0
LF:4
LH:0
end_of_record
TN:
SF:/mnt/storage/projects/riglr/riglr-graph-memory/src/graph.rs
FNF:0
DA:131,0
DA:132,0
DA:133,0
DA:134,0
LF:4
LH:0
end_of_record
TN:
SF:/mnt/storage/projects/riglr/riglr-solana-tools/src/client.rs
FNF:0
DA:96,0
DA:97,0
DA:98,0
DA:99,0
LF:4
LH:0
end_of_record
TN:
SF:/mnt/storage/projects/riglr/riglr-solana-tools/src/transaction.rs
FNF:0
DA:54,0
DA:55,0
DA:56,0
DA:57,0
DA:59,0
DA:61,0
DA:62,0
DA:65,0
DA:66,0
LF:9
LH:0
end_of_record
TN:
SF:/mnt/storage/projects/riglr/riglr-web-tools/src/client.rs
FNF:0
DA:29,0
DA:30,0
DA:31,0
DA:35,0
DA:36,0
DA:40,0
DA:41,0
DA:45,0
DA:46,0
DA:50,0
DA:51,0
DA:52,0
LF:12
LH:0
end_of_record
