TN:
SF:/mnt/storage/projects/riglr/riglr-core/src/idempotency.rs
FN:38,InMemoryIdempotencyStore::new
FN:45,InMemoryIdempotencyStore::cleanup_expired
FN:53,<impl Default for InMemoryIdempotencyStore>::default
FN:60,<impl IdempotencyStore for InMemoryIdempotencyStore>::get
FN:77,<impl IdempotencyStore for InMemoryIdempotencyStore>::set
FN:90,<impl IdempotencyStore for InMemoryIdempotencyStore>::remove
FN:111,RedisIdempotencyStore::new
FN:119,RedisIdempotencyStore::make_key
FN:127,<impl IdempotencyStore for RedisIdempotencyStore>::get
FN:145,<impl IdempotencyStore for RedisIdempotencyStore>::set
FN:161,<impl IdempotencyStore for RedisIdempotencyStore>::remove
FNF:11
FNDA:3,InMemoryIdempotencyStore::new
FNDA:12,InMemoryIdempotencyStore::cleanup_expired
FNDA:1,<impl Default for InMemoryIdempotencyStore>::default
FNDA:12,<impl IdempotencyStore for InMemoryIdempotencyStore>::get
FNDA:18,<impl IdempotencyStore for InMemoryIdempotencyStore>::set
FNDA:8,<impl IdempotencyStore for InMemoryIdempotencyStore>::remove
FNDA:2,RedisIdempotencyStore::new
FNDA:0,RedisIdempotencyStore::make_key
FNDA:0,<impl IdempotencyStore for RedisIdempotencyStore>::get
FNDA:0,<impl IdempotencyStore for RedisIdempotencyStore>::set
FNDA:0,<impl IdempotencyStore for RedisIdempotencyStore>::remove
DA:38,3
DA:40,3
DA:45,12
DA:46,14
DA:47,8
DA:48,31
DA:53,1
DA:54,1
DA:60,12
DA:62,6
DA:64,3
DA:65,19
DA:66,7
DA:67,25
DA:68,9
DA:70,0
DA:73,4
DA:77,18
DA:78,11
DA:79,14
DA:80,15
DA:81,14
DA:82,7
DA:83,8
DA:87,7
DA:90,8
DA:91,4
DA:92,4
DA:93,2
DA:111,2
DA:112,2
DA:113,1
DA:114,1
DA:115,2
DA:119,0
DA:120,0
DA:127,0
DA:128,0
DA:129,0
DA:131,0
DA:132,0
DA:133,0
DA:134,0
DA:136,0
DA:137,0
DA:138,0
DA:139,0
DA:141,0
DA:145,0
DA:146,0
DA:147,0
DA:148,0
DA:149,0
DA:151,0
DA:152,0
DA:153,0
DA:154,0
DA:155,0
DA:156,0
DA:158,0
DA:161,0
DA:162,0
DA:163,0
DA:165,0
DA:166,0
DA:167,0
DA:168,0
DA:170,0
LF:68
LH:33
end_of_record
TN:
SF:/mnt/storage/projects/riglr/riglr-core/src/jobs.rs
FN:26,Job::new
FN:42,Job::new_idempotent
FN:59,Job::can_retry
FN:64,Job::increment_retry
FN:90,JobResult::success
FN:98,JobResult::success_with_tx
FN:109,JobResult::retriable_failure
FN:117,JobResult::permanent_failure
FN:125,JobResult::is_success
FN:130,JobResult::is_retriable
FNF:10
FNDA:6,Job::new
FNDA:6,Job::new_idempotent
FNDA:3,Job::can_retry
FNDA:5,Job::increment_retry
FNDA:16,JobResult::success
FNDA:7,JobResult::success_with_tx
FNDA:4,JobResult::retriable_failure
FNDA:2,JobResult::permanent_failure
FNDA:5,JobResult::is_success
FNDA:3,JobResult::is_retriable
DA:26,6
DA:31,20
DA:32,10
DA:33,8
DA:34,20
DA:35,12
DA:36,0
DA:37,0
DA:42,6
DA:48,11
DA:49,6
DA:50,6
DA:51,12
DA:52,10
DA:53,0
DA:54,0
DA:59,3
DA:60,3
DA:64,5
DA:65,5
DA:90,16
DA:91,16
DA:92,16
DA:93,17
DA:98,7
DA:102,13
DA:103,14
DA:104,12
DA:109,4
DA:111,4
DA:117,2
DA:119,2
DA:125,5
DA:126,6
DA:130,3
DA:131,3
DA:132,3
LF:37
LH:33
end_of_record
TN:
SF:/mnt/storage/projects/riglr/riglr-core/src/queue.rs
FN:24,JobQueue::is_empty
FN:37,InMemoryJobQueue::new
FN:46,<impl Default for InMemoryJobQueue>::default
FN:53,<impl JobQueue for InMemoryJobQueue>::enqueue
FN:60,<impl JobQueue for InMemoryJobQueue>::dequeue
FN:72,<impl JobQueue for InMemoryJobQueue>::dequeue_with_timeout
FN:91,<impl JobQueue for InMemoryJobQueue>::len
FN:112,RedisJobQueue::new
FN:122,RedisJobQueue::with_timeout
FN:131,<impl JobQueue for RedisJobQueue>::enqueue
FN:142,<impl JobQueue for RedisJobQueue>::dequeue
FN:161,<impl JobQueue for RedisJobQueue>::dequeue_with_timeout
FN:180,<impl JobQueue for RedisJobQueue>::len
FNF:13
FNDA:15,JobQueue::is_empty
FNDA:3,InMemoryJobQueue::new
FNDA:1,<impl Default for InMemoryJobQueue>::default
FNDA:18,<impl JobQueue for InMemoryJobQueue>::enqueue
FNDA:6,<impl JobQueue for InMemoryJobQueue>::dequeue
FNDA:12,<impl JobQueue for InMemoryJobQueue>::dequeue_with_timeout
FNDA:12,<impl JobQueue for InMemoryJobQueue>::len
FNDA:1,RedisJobQueue::new
FNDA:1,RedisJobQueue::with_timeout
FNDA:0,<impl JobQueue for RedisJobQueue>::enqueue
FNDA:0,<impl JobQueue for RedisJobQueue>::dequeue
FNDA:0,<impl JobQueue for RedisJobQueue>::dequeue_with_timeout
FNDA:0,<impl JobQueue for RedisJobQueue>::len
DA:24,15
DA:25,8
DA:37,3
DA:39,3
DA:40,4
DA:46,1
DA:47,1
DA:53,18
DA:54,9
DA:55,11
DA:56,7
DA:57,10
DA:60,6
DA:61,2
DA:63,6
DA:64,4
DA:65,2
DA:68,6
DA:72,12
DA:75,7
DA:76,10
DA:77,4
DA:82,8
DA:91,12
DA:92,6
DA:93,8
DA:112,1
DA:113,3
DA:114,2
DA:115,2
DA:116,4
DA:122,1
DA:123,1
DA:124,2
DA:131,0
DA:132,0
DA:133,0
DA:134,0
DA:135,0
DA:136,0
DA:137,0
DA:138,0
DA:139,0
DA:142,0
DA:143,0
DA:146,0
DA:147,0
DA:148,0
DA:149,0
DA:150,0
DA:152,0
DA:153,0
DA:154,0
DA:155,0
DA:157,0
DA:161,0
DA:162,0
DA:163,0
DA:165,0
DA:166,0
DA:167,0
DA:168,0
DA:169,0
DA:171,0
DA:172,0
DA:173,0
DA:174,0
DA:176,0
DA:180,0
DA:181,0
DA:182,0
DA:183,0
DA:184,0
DA:185,0
DA:186,0
LF:75
LH:34
end_of_record
TN:
SF:/mnt/storage/projects/riglr/riglr-core/src/tool.rs
FN:56,<impl Default for ExecutionConfig>::default
FN:78,ResourceLimits::new
FN:85,ResourceLimits::with_limit
FN:92,ResourceLimits::get_semaphore
FN:98,<impl Default for ResourceLimits>::default
FN:127,ToolWorker<I>::new
FN:139,ToolWorker<I>::with_idempotency_store
FN:145,ToolWorker<I>::with_resource_limits
FN:151,ToolWorker<I>::register_tool
FN:157,ToolWorker<I>::metrics
FN:162,ToolWorker<I>::process_job
FN:273,ToolWorker<I>::acquire_semaphore
FN:296,ToolWorker<I>::run
FN:350,<impl Clone for ToolWorker<I>>::clone
FNF:14
FNDA:2,<impl Default for ExecutionConfig>::default
FNDA:2,ResourceLimits::new
FNDA:2,ResourceLimits::with_limit
FNDA:2,ResourceLimits::get_semaphore
FNDA:5,<impl Default for ResourceLimits>::default
FNDA:3,ToolWorker<I>::new
FNDA:3,ToolWorker<I>::with_idempotency_store
FNDA:2,ToolWorker<I>::with_resource_limits
FNDA:31,ToolWorker<I>::register_tool
FNDA:3,ToolWorker<I>::metrics
FNDA:7,ToolWorker<I>::process_job
FNDA:7,ToolWorker<I>::acquire_semaphore
FNDA:3,ToolWorker<I>::run
FNDA:3,<impl Clone for ToolWorker<I>>::clone
DA:56,2
DA:59,3
DA:61,3
DA:62,4
DA:63,3
DA:78,2
DA:80,2
DA:85,2
DA:86,5
DA:87,4
DA:88,2
DA:92,2
DA:93,2
DA:98,5
DA:99,7
DA:127,3
DA:129,3
DA:130,9
DA:131,12
DA:134,20
DA:139,3
DA:140,6
DA:141,2
DA:145,2
DA:146,4
DA:147,2
DA:151,31
DA:152,20
DA:153,25
DA:157,3
DA:158,3
DA:162,7
DA:167,8
DA:168,2
DA:169,4
DA:170,4
DA:171,4
DA:172,0
DA:173,0
DA:175,2
DA:182,14
DA:184,25
DA:185,42
DA:186,12
DA:187,21
DA:189,11
DA:192,29
DA:193,11
DA:194,14
DA:195,11
DA:198,11
DA:199,15
DA:202,13
DA:203,26
DA:204,0
DA:205,0
DA:206,0
DA:207,0
DA:208,0
DA:213,15
DA:214,26
DA:216,40
DA:218,17
DA:219,8
DA:221,10
DA:222,2
DA:223,2
DA:224,6
DA:225,2
DA:226,8
DA:231,16
DA:232,0
DA:233,7
DA:234,10
DA:236,5
DA:237,12
DA:238,7
DA:240,0
DA:241,4
DA:242,2
DA:247,5
DA:248,4
DA:249,4
DA:250,0
DA:251,5
DA:254,6
DA:255,5
DA:256,6
DA:257,18
DA:263,4
DA:264,0
DA:265,2
DA:266,2
DA:267,2
DA:268,0
DA:273,7
DA:278,0
DA:279,19
DA:280,23
DA:281,23
DA:282,10
DA:285,2
DA:286,4
DA:287,5
DA:292,23
DA:296,3
DA:300,2
DA:301,0
DA:302,0
DA:305,3
DA:306,17
DA:307,3
DA:308,3
DA:309,6
DA:311,3
DA:312,0
DA:313,3
DA:316,3
DA:317,11
DA:318,8
DA:319,2
DA:320,7
DA:321,4
DA:323,2
DA:324,0
DA:325,0
DA:329,1
DA:330,2
DA:335,0
DA:337,3
DA:339,1
DA:340,2
DA:341,5
DA:350,3
DA:352,2
DA:353,5
DA:354,5
DA:355,3
DA:356,2
DA:357,3
LF:140
LH:121
end_of_record
TN:
SF:/mnt/storage/projects/riglr/riglr-core/tests/tool_tests.rs
FN:21,<impl Tool for SuccessTool>::execute
FN:28,<impl Tool for SuccessTool>::name
FN:41,<impl Tool for FailureTool>::execute
FN:50,<impl Tool for FailureTool>::name
FN:61,<impl Tool for TimeoutTool>::execute
FN:66,<impl Tool for TimeoutTool>::name
FNF:6
FNDA:18,<impl Tool for SuccessTool>::execute
FNDA:5,<impl Tool for SuccessTool>::name
FNDA:10,<impl Tool for FailureTool>::execute
FNDA:2,<impl Tool for FailureTool>::name
FNDA:4,<impl Tool for TimeoutTool>::execute
FNDA:1,<impl Tool for TimeoutTool>::name
DA:21,18
DA:22,7
DA:23,7
DA:25,6
DA:28,5
DA:29,6
DA:41,10
DA:42,6
DA:43,6
DA:44,6
DA:46,2
DA:50,2
DA:51,3
DA:61,4
DA:62,4
DA:63,0
DA:66,1
DA:67,1
LF:18
LH:17
end_of_record
TN:
SF:/mnt/storage/projects/riglr/riglr-evm-tools/src/transaction.rs
FNF:0
DA:39,0
DA:40,0
DA:41,0
DA:42,0
DA:44,0
DA:46,0
DA:47,0
DA:50,0
DA:51,0
LF:9
LH:0
end_of_record
TN:
SF:/mnt/storage/projects/riglr/riglr-graph-memory/src/client.rs
FN:76,Neo4jClient::new
FNF:1
FNDA:0,Neo4jClient::new
DA:76,0
DA:77,0
DA:79,0
DA:80,0
DA:83,0
DA:84,0
DA:85,0
DA:86,0
DA:92,0
DA:97,0
DA:99,0
DA:100,0
DA:101,0
DA:103,0
LF:14
LH:0
end_of_record
TN:
SF:/mnt/storage/projects/riglr/riglr-graph-memory/src/document.rs
FN:186,RawTextDocument::new
FN:198,RawTextDocument::with_metadata
FN:210,RawTextDocument::with_source
FN:227,RawTextDocument::from_transaction
FNF:4
FNDA:0,RawTextDocument::new
FNDA:0,RawTextDocument::with_metadata
FNDA:0,RawTextDocument::with_source
FNDA:0,RawTextDocument::from_transaction
DA:186,0
DA:188,0
DA:189,0
DA:192,0
DA:198,0
DA:200,0
DA:201,0
DA:202,0
DA:204,0
DA:210,0
DA:212,0
DA:213,0
DA:216,0
DA:227,0
DA:228,0
DA:231,0
DA:232,0
DA:235,0
DA:236,0
DA:237,0
DA:240,0
DA:241,0
DA:242,0
DA:244,0
DA:272,0
DA:273,0
DA:277,0
DA:278,0
DA:281,0
DA:282,0
DA:286,0
DA:287,0
LF:32
LH:0
end_of_record
TN:
SF:/mnt/storage/projects/riglr/riglr-graph-memory/src/extractor.rs
FNF:0
DA:525,0
DA:526,0
DA:527,0
DA:530,0
LF:4
LH:0
end_of_record
TN:
SF:/mnt/storage/projects/riglr/riglr-graph-memory/src/graph.rs
FNF:0
DA:131,0
DA:132,0
DA:133,0
DA:134,0
LF:4
LH:0
end_of_record
TN:
SF:/mnt/storage/projects/riglr/riglr-solana-tools/src/client.rs
FNF:0
DA:96,0
DA:97,0
DA:98,0
DA:99,0
LF:4
LH:0
end_of_record
TN:
SF:/mnt/storage/projects/riglr/riglr-solana-tools/src/transaction.rs
FNF:0
DA:54,0
DA:55,0
DA:56,0
DA:57,0
DA:59,0
DA:61,0
DA:62,0
DA:65,0
DA:66,0
LF:9
LH:0
end_of_record
TN:
SF:/mnt/storage/projects/riglr/riglr-web-tools/src/client.rs
FNF:0
DA:29,0
DA:30,0
DA:31,0
DA:35,0
DA:36,0
DA:40,0
DA:41,0
DA:45,0
DA:46,0
DA:50,0
DA:51,0
DA:52,0
LF:12
LH:0
end_of_record
